<?xml version="1.0" encoding="UTF-8"?>
<testng-results skipped="0" failed="0" ignored="1" total="2" passed="1">
  <reporter-output>
  </reporter-output>
  <suite name="Default suite" duration-ms="163" started-at="2021-07-20T15:06:48 PDT" finished-at="2021-07-20T15:06:48 PDT">
    <groups>
    </groups>
    <test name="Default test" duration-ms="163" started-at="2021-07-20T15:06:48 PDT" finished-at="2021-07-20T15:06:48 PDT">
      <class name="FIRST.Project.test1">
        <test-method status="PASS" signature="m2()[pri:0, instance:FIRST.Project.test1@26aa12dd]" name="m2" duration-ms="32" started-at="2021-07-20T15:06:48 PDT" finished-at="2021-07-20T15:06:48 PDT">
          <reporter-output>
          </reporter-output>
        </test-method> <!-- m2 -->
      </class> <!-- FIRST.Project.test1 -->
    </test> <!-- Default test -->
  </suite> <!-- Default suite -->
</testng-results>
